Flow report for oscilloscope_1
Tue Dec 19 00:18:47 2023
Quartus Prime Version 21.1.1 Build 850 06/23/2022 SJ Lite Edition


---------------------
; Table of Contents ;
---------------------
  1. Legal Notice
  2. Flow Summary
  3. Flow Settings
  4. Flow Non-Default Global Settings
  5. Flow Elapsed Time
  6. Flow OS Summary
  7. Flow Log
  8. Flow Messages
  9. Flow Suppressed Messages



----------------
; Legal Notice ;
----------------
Copyright (C) 2022  Intel Corporation. All rights reserved.
Your use of Intel Corporation's design tools, logic functions 
and other software and tools, and any partner logic 
functions, and any output files from any of the foregoing 
(including device programming or simulation files), and any 
associated documentation or information are expressly subject 
to the terms and conditions of the Intel Program License 
Subscription Agreement, the Intel Quartus Prime License Agreement,
the Intel FPGA IP License Agreement, or other applicable license
agreement, including, without limitation, that your use is for
the sole purpose of programming logic devices manufactured by
Intel and sold by Intel or its authorized distributors.  Please
refer to the applicable agreement for further details, at
https://fpgasoftware.intel.com/eula.



+----------------------------------------------------------------------------------+
; Flow Summary                                                                     ;
+------------------------------------+---------------------------------------------+
; Flow Status                        ; Successful - Tue Dec 19 00:18:32 2023       ;
; Quartus Prime Version              ; 21.1.1 Build 850 06/23/2022 SJ Lite Edition ;
; Revision Name                      ; oscilloscope_1                              ;
; Top-level Entity Name              ; DE10_Lite                                   ;
; Family                             ; MAX 10                                      ;
; Device                             ; 10M50DAF484C7G                              ;
; Timing Models                      ; Final                                       ;
; Total logic elements               ; 23,707 / 49,760 ( 48 % )                    ;
;     Total combinational functions  ; 23,554 / 49,760 ( 47 % )                    ;
;     Dedicated logic registers      ; 13,032 / 49,760 ( 26 % )                    ;
; Total registers                    ; 13032                                       ;
; Total pins                         ; 187 / 360 ( 52 % )                          ;
; Total virtual pins                 ; 0                                           ;
; Total memory bits                  ; 0 / 1,677,312 ( 0 % )                       ;
; Embedded Multiplier 9-bit elements ; 0 / 288 ( 0 % )                             ;
; Total PLLs                         ; 1 / 4 ( 25 % )                              ;
; UFM blocks                         ; 0 / 1 ( 0 % )                               ;
; ADC blocks                         ; 1 / 2 ( 50 % )                              ;
+------------------------------------+---------------------------------------------+


+-----------------------------------------+
; Flow Settings                           ;
+-------------------+---------------------+
; Option            ; Setting             ;
+-------------------+---------------------+
; Start date & time ; 12/19/2023 00:09:18 ;
; Main task         ; Compilation         ;
; Revision Name     ; oscilloscope_1      ;
+-------------------+---------------------+


+-----------------------------------------------------------------------------------------------------------------------------------------------+
; Flow Non-Default Global Settings                                                                                                              ;
+--------------------------------------+------------------------------------------------------------+----------------+-------------+------------+
; Assignment Name                      ; Value                                                      ; Default Value  ; Entity Name ; Section Id ;
+--------------------------------------+------------------------------------------------------------+----------------+-------------+------------+
; COMPILER_SIGNATURE_ID                ; 8796752845457.170293375816119                              ; --             ; --          ; --         ;
; ENABLE_SIGNALTAP                     ; On                                                         ; --             ; --          ; --         ;
; FITTER_EFFORT                        ; Standard Fit                                               ; Auto Fit       ; --          ; --         ;
; MAX_CORE_JUNCTION_TEMP               ; 85                                                         ; --             ; --          ; --         ;
; MIN_CORE_JUNCTION_TEMP               ; 0                                                          ; --             ; --          ; --         ;
; MISC_FILE                            ; adc_qsys/synthesis/../adc_qsys.cmp                         ; --             ; --          ; --         ;
; MISC_FILE                            ; adc_qsys/synthesis/../../adc_qsys.qsys                     ; --             ; --          ; --         ;
; MUX_RESTRUCTURE                      ; Off                                                        ; Auto           ; --          ; --         ;
; OPTIMIZATION_MODE                    ; Aggressive Performance                                     ; Balanced       ; --          ; --         ;
; OUTPUT_IO_TIMING_FAR_END_VMEAS       ; Half Signal Swing                                          ; --             ; --          ; --         ;
; OUTPUT_IO_TIMING_FAR_END_VMEAS       ; Half Signal Swing                                          ; --             ; --          ; --         ;
; OUTPUT_IO_TIMING_NEAR_END_VMEAS      ; Half Vccio                                                 ; --             ; --          ; --         ;
; OUTPUT_IO_TIMING_NEAR_END_VMEAS      ; Half Vccio                                                 ; --             ; --          ; --         ;
; PARTITION_COLOR                      ; -- (Not supported for targeted family)                     ; --             ; DE10_Lite   ; Top        ;
; PARTITION_FITTER_PRESERVATION_LEVEL  ; -- (Not supported for targeted family)                     ; --             ; DE10_Lite   ; Top        ;
; PARTITION_NETLIST_TYPE               ; -- (Not supported for targeted family)                     ; --             ; DE10_Lite   ; Top        ;
; PHYSICAL_SYNTHESIS_COMBO_LOGIC       ; On                                                         ; Off            ; --          ; --         ;
; PHYSICAL_SYNTHESIS_REGISTER_RETIMING ; On                                                         ; Off            ; --          ; --         ;
; PLACEMENT_EFFORT_MULTIPLIER          ; 4.0                                                        ; 1.0            ; --          ; --         ;
; POWER_BOARD_THERMAL_MODEL            ; None (CONSERVATIVE)                                        ; --             ; --          ; --         ;
; POWER_PRESET_COOLING_SOLUTION        ; 23 MM HEAT SINK WITH 200 LFPM AIRFLOW                      ; --             ; --          ; --         ;
; PROJECT_OUTPUT_DIRECTORY             ; output_files                                               ; --             ; --          ; --         ;
; ROUTER_TIMING_OPTIMIZATION_LEVEL     ; MAXIMUM                                                    ; Normal         ; --          ; --         ;
; SLD_FILE                             ; adc_qsys/synthesis/adc_qsys.debuginfo                      ; --             ; --          ; --         ;
; SLD_INFO                             ; QSYS_NAME adc_qsys HAS_SOPCINFO 1 GENERATION_ID 1494815144 ; --             ; adc_qsys    ; --         ;
; SOPCINFO_FILE                        ; adc_qsys/synthesis/../../adc_qsys.sopcinfo                 ; --             ; --          ; --         ;
; SYNTHESIS_ONLY_QIP                   ; On                                                         ; --             ; --          ; --         ;
; TOP_LEVEL_ENTITY                     ; DE10_Lite                                                  ; oscilloscope_1 ; --          ; --         ;
; USE_SIGNALTAP_FILE                   ; adc.stp                                                    ; --             ; --          ; --         ;
+--------------------------------------+------------------------------------------------------------+----------------+-------------+------------+


+--------------------------------------------------------------------------------------------------------------------------+
; Flow Elapsed Time                                                                                                        ;
+----------------------+--------------+-------------------------+---------------------+------------------------------------+
; Module Name          ; Elapsed Time ; Average Processors Used ; Peak Virtual Memory ; Total CPU Time (on all processors) ;
+----------------------+--------------+-------------------------+---------------------+------------------------------------+
; Analysis & Synthesis ; 00:01:18     ; 1.0                     ; 733 MB              ; 00:01:26                           ;
; Fitter               ; 00:07:45     ; 1.2                     ; 1711 MB             ; 00:13:16                           ;
; Assembler            ; 00:00:03     ; 1.0                     ; 443 MB              ; 00:00:03                           ;
; Timing Analyzer      ; 00:00:14     ; 3.0                     ; 770 MB              ; 00:00:31                           ;
; Total                ; 00:09:20     ; --                      ; --                  ; 00:15:16                           ;
+----------------------+--------------+-------------------------+---------------------+------------------------------------+


+----------------------------------------------------------------------------------------+
; Flow OS Summary                                                                        ;
+----------------------+------------------+----------------+------------+----------------+
; Module Name          ; Machine Hostname ; OS Name        ; OS Version ; Processor type ;
+----------------------+------------------+----------------+------------+----------------+
; Analysis & Synthesis ; user-pc          ; Ubuntu 22.04.3 ; 22         ; x86_64         ;
; Fitter               ; user-pc          ; Ubuntu 22.04.3 ; 22         ; x86_64         ;
; Assembler            ; user-pc          ; Ubuntu 22.04.3 ; 22         ; x86_64         ;
; Timing Analyzer      ; user-pc          ; Ubuntu 22.04.3 ; 22         ; x86_64         ;
+----------------------+------------------+----------------+------------+----------------+


------------
; Flow Log ;
------------
quartus_map --read_settings_files=on --write_settings_files=off oscilloscope_1 -c oscilloscope_1
quartus_fit --read_settings_files=off --write_settings_files=off oscilloscope_1 -c oscilloscope_1
quartus_asm --read_settings_files=off --write_settings_files=off oscilloscope_1 -c oscilloscope_1
quartus_sta oscilloscope_1 -c oscilloscope_1



